{"level":30,"time":1748092136352,"pid":12698,"hostname":"mophatmacbookpro.local","message":"Database connection initialized.","tables":["users","roles","permissions","usersRoles","verificationTokens"]}
{"level":30,"time":1748092909416,"pid":12698,"hostname":"mophatmacbookpro.local","message":"Database connection initialized.","tables":["users","roles","permissions","usersRoles","verificationTokens"]}
{"level":30,"time":1748093436815,"pid":12698,"hostname":"mophatmacbookpro.local","message":"Database connection initialized.","tables":["users","roles","permissions","usersRoles","verificationTokens"]}
{"level":30,"time":1748093449091,"pid":12698,"hostname":"mophatmacbookpro.local","message":"Database connection initialized.","tables":["users","roles","permissions","usersRoles","verificationTokens"]}
{"level":50,"time":1748093459235,"pid":12698,"hostname":"mophatmacbookpro.local","message":"Login error","method":"POST","url":"http://localhost:3000/api/auth/login","userAgent":"PostmanRuntime/7.44.0","error":"Validation failed","timestamp":"2025-05-24T13:30:59.235Z"}
{"level":50,"time":1748093484994,"pid":12698,"hostname":"mophatmacbookpro.local","message":"Login error","method":"POST","url":"http://localhost:3000/api/auth/login","userAgent":"PostmanRuntime/7.44.0","error":"Invalid email or password","timestamp":"2025-05-24T13:31:24.994Z"}
{"level":50,"time":1748093518330,"pid":12698,"hostname":"mophatmacbookpro.local","message":"Login error","method":"POST","url":"http://localhost:3000/api/auth/login","userAgent":"PostmanRuntime/7.44.0","error":"Invalid email or password","timestamp":"2025-05-24T13:31:58.330Z"}
{"level":30,"time":1748093551787,"pid":12698,"hostname":"mophatmacbookpro.local","message":"Database connection initialized.","tables":["users","roles","permissions","usersRoles","verificationTokens"]}
{"level":30,"time":1748093967100,"pid":12698,"hostname":"mophatmacbookpro.local","message":"Database connection initialized.","tables":["users","roles","permissions","usersRoles","verificationTokens"]}
{"level":50,"time":1748093970056,"pid":12698,"hostname":"mophatmacbookpro.local","message":"Login error","method":"POST","url":"http://localhost:3000/api/auth/login","userAgent":"PostmanRuntime/7.44.0","error":"Invalid email or password","timestamp":"2025-05-24T13:39:30.056Z"}
{"level":30,"time":1748094593716,"pid":12698,"hostname":"mophatmacbookpro.local","message":"Database connection initialized.","tables":["users","roles","permissions","usersRoles","verificationTokens"]}
{"level":30,"time":1748098244045,"pid":12698,"hostname":"mophatmacbookpro.local","message":"Health check hit","method":"GET","url":"http://localhost:3000/api/health","dbStatus":{"ping":true,"tables":["properties","expenses","incomes","budgets","debitusers","portfoliousers","portfolioprojects","portfolioblogposts","__drizzle_migrations","hs_permissions","hs_users","hs_users_roles","hs_roles","hs_verification_tokens"],"hs_users_count":0},"userAgent":"PostmanRuntime/7.44.0","timestamp":"2025-05-24T14:50:44.045Z"}
{"level":30,"time":1748098340132,"pid":12698,"hostname":"mophatmacbookpro.local","message":"Database connection initialized.","tables":["users","roles","permissions","usersRoles","verificationTokens"]}
{"level":50,"time":1748098343689,"pid":12698,"hostname":"mophatmacbookpro.local","message":"Error in  usersRoles: (create)","error":"insert or update on table \"hs_users_roles\" violates foreign key constraint \"fk_user_role_role_id \"","operation":"create"}
{"level":50,"time":1748098560098,"pid":12698,"hostname":"mophatmacbookpro.local","message":"Error in  users: (create)","error":"duplicate key value violates unique constraint \"unique_email_idx\"","operation":"create"}
{"level":30,"time":1748099433460,"pid":12698,"hostname":"mophatmacbookpro.local","message":"Database connection initialized.","tables":["users","roles","permissions","usersRoles","verificationTokens"]}
{"level":50,"time":1748099437843,"pid":12698,"hostname":"mophatmacbookpro.local","message":"Error in  usersRoles: (create)","error":"duplicate key value violates unique constraint \"unique_user_role_idx\"","operation":"create"}
{"level":50,"time":1748099498752,"pid":12698,"hostname":"mophatmacbookpro.local","message":"Error in  users: (create)","error":"duplicate key value violates unique constraint \"unique_email_idx\"","operation":"create"}
{"level":30,"time":1748099594991,"pid":12698,"hostname":"mophatmacbookpro.local","message":"Database connection initialized.","tables":["users","roles","permissions","usersRoles","verificationTokens"]}
{"level":30,"time":1748099648478,"pid":12698,"hostname":"mophatmacbookpro.local","message":"Database connection initialized.","tables":["users","roles","permissions","usersRoles","verificationTokens"]}
{"level":30,"time":1748099725158,"pid":12698,"hostname":"mophatmacbookpro.local","message":"Database connection initialized.","tables":["users","roles","permissions","usersRoles","verificationTokens"]}
{"level":50,"time":1748099727592,"pid":12698,"hostname":"mophatmacbookpro.local","message":"Error in  users: (findByEmail)","error":"status is not defined","operation":"findByEmail"}
{"level":50,"time":1748099727593,"pid":12698,"hostname":"mophatmacbookpro.local","message":"Login error","method":"POST","url":"http://localhost:3000/api/auth/login","userAgent":"PostmanRuntime/7.44.0","error":"Database operation failed: status is not defined","timestamp":"2025-05-24T15:15:27.593Z"}
{"level":30,"time":1748099822247,"pid":12698,"hostname":"mophatmacbookpro.local","message":"Database connection initialized.","tables":["users","roles","permissions","usersRoles","verificationTokens"]}
{"level":50,"time":1748099826352,"pid":12698,"hostname":"mophatmacbookpro.local","message":"Error in  users: (findByEmail)","error":"status is not defined","operation":"findByEmail"}
{"level":50,"time":1748099826353,"pid":12698,"hostname":"mophatmacbookpro.local","message":"Login error","method":"POST","url":"http://localhost:3000/api/auth/login","userAgent":"PostmanRuntime/7.44.0","error":"Database operation failed: status is not defined","timestamp":"2025-05-24T15:17:06.353Z"}
{"level":30,"time":1748099970549,"pid":12698,"hostname":"mophatmacbookpro.local","message":"Database connection initialized.","tables":["users","roles","permissions","usersRoles","verificationTokens"]}
{"level":50,"time":1748099975652,"pid":12698,"hostname":"mophatmacbookpro.local","message":"Error in  users: (findByEmail)","error":"status is not defined","operation":"findByEmail"}
{"level":50,"time":1748099975652,"pid":12698,"hostname":"mophatmacbookpro.local","message":"Login error","method":"POST","url":"http://localhost:3000/api/auth/login","userAgent":"PostmanRuntime/7.44.0","error":"Database operation failed: status is not defined","timestamp":"2025-05-24T15:19:35.652Z"}
{"level":30,"time":1748100021021,"pid":12698,"hostname":"mophatmacbookpro.local","message":"Database connection initialized.","tables":["users","roles","permissions","usersRoles","verificationTokens"]}
{"level":50,"time":1748100023632,"pid":12698,"hostname":"mophatmacbookpro.local","message":"Login error","method":"POST","url":"http://localhost:3000/api/auth/login","userAgent":"PostmanRuntime/7.44.0","error":"Account is not active, kindly check your email to verify your account.","timestamp":"2025-05-24T15:20:23.632Z"}
{"level":30,"time":1748100042276,"pid":12698,"hostname":"mophatmacbookpro.local","message":"Database connection initialized.","tables":["users","roles","permissions","usersRoles","verificationTokens"]}
{"level":30,"time":1748100285779,"pid":12698,"hostname":"mophatmacbookpro.local","message":"Database connection initialized.","tables":["users","roles","permissions","usersRoles","verificationTokens"]}
{"level":30,"time":1748100379727,"pid":12698,"hostname":"mophatmacbookpro.local","message":"Database connection initialized.","tables":["users","roles","permissions","usersRoles","verificationTokens"]}
{"level":30,"time":1748100740544,"pid":19248,"hostname":"mophatmacbookpro.local","message":"Database connection initialized.","tables":["users","roles","permissions","usersRoles","verificationTokens"]}
{"level":30,"time":1748100740537,"pid":19247,"hostname":"mophatmacbookpro.local","message":"Database connection initialized.","tables":["users","roles","permissions","usersRoles","verificationTokens"]}
{"level":30,"time":1748100740560,"pid":19252,"hostname":"mophatmacbookpro.local","message":"Database connection initialized.","tables":["users","roles","permissions","usersRoles","verificationTokens"]}
{"level":30,"time":1748100740558,"pid":19253,"hostname":"mophatmacbookpro.local","message":"Database connection initialized.","tables":["users","roles","permissions","usersRoles","verificationTokens"]}
{"level":30,"time":1748100740556,"pid":19251,"hostname":"mophatmacbookpro.local","message":"Database connection initialized.","tables":["users","roles","permissions","usersRoles","verificationTokens"]}
{"level":30,"time":1748100740566,"pid":19254,"hostname":"mophatmacbookpro.local","message":"Database connection initialized.","tables":["users","roles","permissions","usersRoles","verificationTokens"]}
{"level":30,"time":1748100743779,"pid":19259,"hostname":"mophatmacbookpro.local","message":"Database connection initialized.","tables":["users","roles","permissions","usersRoles","verificationTokens"]}
{"level":30,"time":1748102433956,"pid":20203,"hostname":"mophatmacbookpro.local","message":"Database connection initialized.","tables":["users","roles","permissions","usersRoles","verificationTokens"]}
{"level":30,"time":1748102437380,"pid":20203,"hostname":"mophatmacbookpro.local","message":"Password reset email would be sent","to":"bezylmophatotieno@gmail.com","resetLink":"http://localhost:3000/reset-password?token=f19cd9cae731ed16765795bdfa2eb38404f663286e90dd5d49f6639dde2897b3"}
{"level":50,"time":1748102575065,"pid":20203,"hostname":"mophatmacbookpro.local","message":"Password reset error","error":"Invalid or expired reset token.","timestamp":"2025-05-24T16:02:55.065Z"}
{"level":50,"time":1748102612098,"pid":20203,"hostname":"mophatmacbookpro.local","message":"Password reset error","error":"Validation failed","timestamp":"2025-05-24T16:03:32.098Z"}
{"level":50,"time":1748102623669,"pid":20203,"hostname":"mophatmacbookpro.local","message":"Password reset error","error":"Validation failed","timestamp":"2025-05-24T16:03:43.669Z"}
{"level":30,"time":1748102657869,"pid":20203,"hostname":"mophatmacbookpro.local","message":"Password reset email would be sent","to":"bezylmophatotieno@gmail.com","resetLink":"http://localhost:3000/reset-password?token=9e6f70e8d493855a7105d9d275a689a6b16ecdf188ddb63b7ebb2e6f38c26cec"}
{"level":50,"time":1748102700363,"pid":20203,"hostname":"mophatmacbookpro.local","message":"Login error","method":"POST","url":"http://localhost:3000/api/auth/login","userAgent":"PostmanRuntime/7.44.0","error":"Invalid email or password","timestamp":"2025-05-24T16:05:00.363Z"}
{"level":30,"time":1748108202567,"pid":20203,"hostname":"mophatmacbookpro.local","message":"Database connection initialized.","tables":["users","roles","permissions","usersRoles","verificationTokens"]}
{"level":30,"time":1748108276783,"pid":20203,"hostname":"mophatmacbookpro.local","message":"Database connection initialized.","tables":["users","roles","permissions","usersRoles","verificationTokens"]}
{"level":30,"time":1748108363549,"pid":20203,"hostname":"mophatmacbookpro.local","message":"Database connection initialized.","tables":["users","roles","permissions","usersRoles","verificationTokens"]}
{"level":30,"time":1748108421701,"pid":20203,"hostname":"mophatmacbookpro.local","message":"Database connection initialized.","tables":["users","roles","permissions","usersRoles","verificationTokens"]}
{"level":30,"time":1748108480426,"pid":20203,"hostname":"mophatmacbookpro.local","message":"Database connection initialized.","tables":["users","roles","permissions","usersRoles","verificationTokens"]}
{"level":30,"time":1748109456873,"pid":20203,"hostname":"mophatmacbookpro.local","message":"Database connection initialized.","tables":["users","roles","permissions","usersRoles","verificationTokens"]}
{"level":30,"time":1748110206495,"pid":20203,"hostname":"mophatmacbookpro.local","message":"Database connection initialized.","tables":["users","roles","permissions","usersRoles","verificationTokens"]}
{"level":30,"time":1748110230895,"pid":20203,"hostname":"mophatmacbookpro.local","message":"Database connection initialized.","tables":["users","roles","permissions","usersRoles","verificationTokens"]}
{"level":30,"time":1748110286760,"pid":20203,"hostname":"mophatmacbookpro.local","message":"Database connection initialized.","tables":["users","roles","permissions","usersRoles","verificationTokens"]}
{"level":30,"time":1748112060064,"pid":20203,"hostname":"mophatmacbookpro.local","message":"Database connection initialized.","tables":["users","roles","permissions","usersRoles","verificationTokens"]}
{"level":50,"time":1748112064427,"pid":20203,"hostname":"mophatmacbookpro.local","message":"Error in  users: (findByEmail)","error":"Your \"permissionId\" field references a column \"hs_permissions\".\"PermissionId\", but the table \"hs_permissions\" is not part of the query! Did you forget to join it?","operation":"findByEmail"}
{"level":50,"time":1748112064428,"pid":20203,"hostname":"mophatmacbookpro.local","message":"Login error","method":"POST","url":"http://localhost:3000/api/auth/login","userAgent":"PostmanRuntime/7.44.0","error":"Database operation failed: Your \"permissionId\" field references a column \"hs_permissions\".\"PermissionId\", but the table \"hs_permissions\" is not part of the query! Did you forget to join it?","timestamp":"2025-05-24T18:41:04.427Z"}
{"level":30,"time":1748112160165,"pid":20203,"hostname":"mophatmacbookpro.local","message":"Database connection initialized.","tables":["users","roles","permissions","usersRoles","verificationTokens"]}
{"level":30,"time":1748112363949,"pid":20203,"hostname":"mophatmacbookpro.local","message":"Database connection initialized.","tables":["users","roles","permissions","usersRoles","verificationTokens"]}
